3/1/2021 8:33:29 PM	This log contains information about the import schema operation into project 'Database1' on computer 'OMIDSURFACE' by user 'Shari'.
3/1/2021 8:33:29 PM	Import of database schema has started.
3/1/2021 8:33:51 PM	Gathering database credentials
3/1/2021 8:33:51 PM	Gathering database options
3/1/2021 8:33:51 PM	Gathering generic database scoped configuration option
3/1/2021 8:33:51 PM	Gathering users
3/1/2021 8:33:51 PM	Gathering roles
3/1/2021 8:33:51 PM	Gathering application roles
3/1/2021 8:33:51 PM	Gathering role memberships
3/1/2021 8:33:51 PM	Gathering filegroups
3/1/2021 8:33:51 PM	Gathering full-text catalogs
3/1/2021 8:33:51 PM	Gathering assemblies
3/1/2021 8:33:51 PM	Gathering certificates
3/1/2021 8:33:51 PM	Gathering asymmetric keys
3/1/2021 8:33:51 PM	Gathering symmetric keys
3/1/2021 8:33:51 PM	Gathering encrypted symmetric keys
3/1/2021 8:33:51 PM	Gathering schemas
3/1/2021 8:33:51 PM	Gathering XML schema collections
3/1/2021 8:33:51 PM	Gathering user-defined data types
3/1/2021 8:33:51 PM	Gathering user-defined types
3/1/2021 8:33:51 PM	Gathering table types
3/1/2021 8:33:51 PM	Gathering unique keys for table types
3/1/2021 8:33:51 PM	Gathering primary keys for table types
3/1/2021 8:33:51 PM	Gathering indexes for table types
3/1/2021 8:33:51 PM	Gathering check constraints for table types
3/1/2021 8:33:51 PM	Gathering default constraints for table types
3/1/2021 8:33:51 PM	Gathering partition functions
3/1/2021 8:33:51 PM	Gathering partition schemes
3/1/2021 8:33:51 PM	Gathering functions
3/1/2021 8:33:51 PM	Gathering encrypted functions
3/1/2021 8:33:51 PM	Gathering aggregates
3/1/2021 8:33:51 PM	Gathering procedures
3/1/2021 8:33:51 PM	Gathering encrypted procedures
3/1/2021 8:33:51 PM	Gathering tables
3/1/2021 8:33:51 PM	Gathering primary keys
3/1/2021 8:33:51 PM	Gathering unique constraints
3/1/2021 8:33:51 PM	Gathering foreign keys
3/1/2021 8:33:51 PM	Gathering default constraints
3/1/2021 8:33:51 PM	Gathering check constraints
3/1/2021 8:33:51 PM	Gathering views
3/1/2021 8:33:51 PM	Gathering encrypted views
3/1/2021 8:33:51 PM	Gathering indexes
3/1/2021 8:33:51 PM	Gathering statistics
3/1/2021 8:33:51 PM	Gathering full-text index stoplists
3/1/2021 8:33:51 PM	Gathering search property lists
3/1/2021 8:33:51 PM	Gathering search properties
3/1/2021 8:33:51 PM	Gathering full-text indexes
3/1/2021 8:33:51 PM	Gathering column store indexes
3/1/2021 8:33:51 PM	Gathering spatial indexes
3/1/2021 8:33:51 PM	Gathering XML indexes
3/1/2021 8:33:51 PM	Gathering Selective XML indexes
3/1/2021 8:33:51 PM	Gathering encrypted triggers
3/1/2021 8:33:51 PM	Gathering triggers
3/1/2021 8:33:51 PM	Gathering encrypted and clr ddl triggers
3/1/2021 8:33:51 PM	Gathering ddl triggers
3/1/2021 8:33:51 PM	Gathering synonyms
3/1/2021 8:33:51 PM	Gathering defaults
3/1/2021 8:33:51 PM	Gathering data constraint uddt bindings
3/1/2021 8:33:51 PM	Gathering rules
3/1/2021 8:33:51 PM	Gathering data constraint uddt bindings
3/1/2021 8:33:51 PM	Gathering message types
3/1/2021 8:33:51 PM	Gathering queues
3/1/2021 8:33:51 PM	Gathering contracts
3/1/2021 8:33:51 PM	Gathering services
3/1/2021 8:33:51 PM	Gathering event notifications
3/1/2021 8:33:51 PM	Gathering remote service bindings
3/1/2021 8:33:51 PM	Gathering broker priorities
3/1/2021 8:33:51 PM	Gathering signatures
3/1/2021 8:33:51 PM	Gathering data compression options
3/1/2021 8:33:51 PM	Gathering sequence types
3/1/2021 8:33:51 PM	Gathering security policies
3/1/2021 8:33:51 PM	Gather column encryption keys
3/1/2021 8:33:51 PM	Gathering column master keys
3/1/2021 8:33:51 PM	Gathering external data sources
3/1/2021 8:33:51 PM	Gathering external file formats
3/1/2021 8:33:51 PM	Gathering external tables
3/1/2021 8:33:51 PM	Gathering database permissions
3/1/2021 8:33:51 PM	Gathering extended properties
3/1/2021 8:33:56 PM	Gathering credentials
3/1/2021 8:33:56 PM	Gathering logins
3/1/2021 8:33:56 PM	Gathering server audits
3/1/2021 8:34:02 PM	Scanning project for duplicate elements
3/1/2021 8:34:02 PM	Finished duplicate element processing
3/1/2021 8:34:04 PM	Finished importing database.
3/1/2021 8:34:04 PM	A summary of the import was saved to the following location: D:\Temp\Repo\Tutorials\src\db\Database1\Import Schema Logs\Database1_20210301050329.log
3/1/2021 8:34:04 PM	Click Finish to continue...
